<?xml version="1.0" encoding="UTF-8"?>
<testsuite name="de.haw.rnp.chat.networkmanager.model.LoginMessageTest" tests="6" skipped="0" failures="0" errors="0" timestamp="2016-05-31T18:55:42" hostname="daniel-linux" time="0.002">
  <properties/>
  <testcase name="IPField" classname="de.haw.rnp.chat.networkmanager.model.LoginMessageTest" time="0.001"/>
  <testcase name="textField" classname="de.haw.rnp.chat.networkmanager.model.LoginMessageTest" time="0.0"/>
  <testcase name="getFullMessageTest" classname="de.haw.rnp.chat.networkmanager.model.LoginMessageTest" time="0.0"/>
  <testcase name="portField" classname="de.haw.rnp.chat.networkmanager.model.LoginMessageTest" time="0.0"/>
  <testcase name="nameField" classname="de.haw.rnp.chat.networkmanager.model.LoginMessageTest" time="0.0"/>
  <testcase name="intToByteArray" classname="de.haw.rnp.chat.networkmanager.model.LoginMessageTest" time="0.0"/>
  <system-out><![CDATA[]]></system-out>
  <system-err><![CDATA[]]></system-err>
</testsuite>
