<?xml version="1.0" encoding="UTF-8"?>
<testsuite name="de.haw.rnp.chat.networkmanager.OutgoingChatProtocolMessageHandlerTest" tests="5" skipped="0" failures="0" errors="0" timestamp="2016-05-31T18:55:42" hostname="daniel-linux" time="0.049">
  <properties/>
  <testcase name="initialConnect" classname="de.haw.rnp.chat.networkmanager.OutgoingChatProtocolMessageHandlerTest" time="0.013"/>
  <testcase name="logout" classname="de.haw.rnp.chat.networkmanager.OutgoingChatProtocolMessageHandlerTest" time="0.001"/>
  <testcase name="login" classname="de.haw.rnp.chat.networkmanager.OutgoingChatProtocolMessageHandlerTest" time="0.001"/>
  <testcase name="sendMessage" classname="de.haw.rnp.chat.networkmanager.OutgoingChatProtocolMessageHandlerTest" time="0.02"/>
  <testcase name="sendName" classname="de.haw.rnp.chat.networkmanager.OutgoingChatProtocolMessageHandlerTest" time="0.012"/>
  <system-out><![CDATA[Server started at 0.0.0.0:5050
Client connected to Server 0.0.0.0:5050
Client started
Client closed
Server started at 0.0.0.0:27015
Client started
Client connected to Server 0.0.0.0:27015
Client closed
Server started at 0.0.0.0:8080
Client connected to Server 0.0.0.0:8080
Client started
Client closed
0x1 0x2 0x0 0x0 
Server started at 0.0.0.0:27555
0xa 0x0 0x0 0x1 
0x1 0x1 0x0 0x0 
0xa 0x0 0x0 0x1 
0x3c 0xad 0x0 0x3 
0x0 0x1 0x0 0x4 
0xa 0x0 0x0 0x1 
0x0 0x2 0x0 0x2 
0x3c 0xad 0x0 0x0 
0x0 0x4 0x0 0x3 
0x46 0x4f 0x4f 0x0 
0x3c 0xad 0x0 0x2 
0x0 0x1 0x0 0x4 
0xa 0x0 0x0 0x1 
0x0 0x2 0x0 0x2 
0x3c 0xad 0x0 0x0 
Client connected to Server 0.0.0.0:27555
Client started
0x1 0x3 0x0 0x0 
0xa 0x0 0x0 0x1 
0x3c 0x8c 0x0 0x2 
0x0 0x5 0x0 0x3 
0x46 0x4f 0x4f 0x0 
0x0 0x1 0x0 0x4 
0x0 0x0 0x0 0x0 
0x0 0x2 0x0 0x2 
0x6b 0xa3 0x0 0x0 
Client closed
Server started at 0.0.0.0:27115
Client connected to Server 0.0.0.0:27115
Client started
]]></system-out>
  <system-err><![CDATA[]]></system-err>
</testsuite>
